  Engine.cpp
D:\Applications\VisualStudio\Projects\3DProjection\CPP3D\CPP3D\CPP3D\renderer.cpp(22,52): warning C4244: 'argument': conversion from 'int' to 'float', possible loss of data
D:\Applications\VisualStudio\Projects\3DProjection\CPP3D\CPP3D\CPP3D\renderer.cpp(22,9): warning C4244: 'initializing': conversion from 'float' to 'int', possible loss of data
D:\Applications\VisualStudio\Projects\3DProjection\CPP3D\CPP3D\CPP3D\renderer.cpp(23,52): warning C4244: 'argument': conversion from 'int' to 'float', possible loss of data
D:\Applications\VisualStudio\Projects\3DProjection\CPP3D\CPP3D\CPP3D\renderer.cpp(23,9): warning C4244: 'initializing': conversion from 'float' to 'int', possible loss of data
D:\Applications\VisualStudio\Projects\3DProjection\CPP3D\CPP3D\CPP3D\renderer.cpp(25,53): warning C4244: 'argument': conversion from 'int' to 'float', possible loss of data
D:\Applications\VisualStudio\Projects\3DProjection\CPP3D\CPP3D\CPP3D\renderer.cpp(25,9): warning C4244: 'initializing': conversion from 'float' to 'int', possible loss of data
D:\Applications\VisualStudio\Projects\3DProjection\CPP3D\CPP3D\CPP3D\renderer.cpp(26,53): warning C4244: 'argument': conversion from 'int' to 'float', possible loss of data
D:\Applications\VisualStudio\Projects\3DProjection\CPP3D\CPP3D\CPP3D\renderer.cpp(26,9): warning C4244: 'initializing': conversion from 'float' to 'int', possible loss of data
D:\Applications\VisualStudio\Projects\3DProjection\CPP3D\CPP3D\CPP3D\renderer.cpp(71,9): warning C4244: 'initializing': conversion from 'float' to 'int', possible loss of data
D:\Applications\VisualStudio\Projects\3DProjection\CPP3D\CPP3D\CPP3D\renderer.cpp(72,9): warning C4244: 'initializing': conversion from 'float' to 'int', possible loss of data
D:\Applications\VisualStudio\Projects\3DProjection\CPP3D\CPP3D\CPP3D\renderer.cpp(74,9): warning C4244: 'initializing': conversion from 'float' to 'int', possible loss of data
D:\Applications\VisualStudio\Projects\3DProjection\CPP3D\CPP3D\CPP3D\renderer.cpp(75,9): warning C4244: 'initializing': conversion from 'float' to 'int', possible loss of data
D:\Applications\VisualStudio\Projects\3DProjection\CPP3D\CPP3D\CPP3D\renderer.cpp(86,45): warning C4244: 'argument': conversion from 'int' to 'float', possible loss of data
D:\Applications\VisualStudio\Projects\3DProjection\CPP3D\CPP3D\CPP3D\renderer.cpp(86,38): warning C4244: 'argument': conversion from 'int' to 'float', possible loss of data
D:\Applications\VisualStudio\Projects\3DProjection\CPP3D\CPP3D\CPP3D\renderer.cpp(86,79): warning C4244: 'argument': conversion from 'int' to 'float', possible loss of data
D:\Applications\VisualStudio\Projects\3DProjection\CPP3D\CPP3D\CPP3D\renderer.cpp(86,68): warning C4244: 'argument': conversion from 'int' to 'float', possible loss of data
D:\Applications\VisualStudio\Projects\3DProjection\CPP3D\CPP3D\CPP3D\renderer.cpp(86,126): warning C4244: 'argument': conversion from 'int' to 'float', possible loss of data
D:\Applications\VisualStudio\Projects\3DProjection\CPP3D\CPP3D\CPP3D\renderer.cpp(86,110): warning C4244: 'argument': conversion from 'int' to 'float', possible loss of data
D:\Applications\VisualStudio\Projects\3DProjection\CPP3D\CPP3D\CPP3D\renderer.cpp(100,45): warning C4244: 'argument': conversion from 'int' to 'float', possible loss of data
D:\Applications\VisualStudio\Projects\3DProjection\CPP3D\CPP3D\CPP3D\renderer.cpp(100,38): warning C4244: 'argument': conversion from 'int' to 'float', possible loss of data
D:\Applications\VisualStudio\Projects\3DProjection\CPP3D\CPP3D\CPP3D\renderer.cpp(100,79): warning C4244: 'argument': conversion from 'int' to 'float', possible loss of data
D:\Applications\VisualStudio\Projects\3DProjection\CPP3D\CPP3D\CPP3D\renderer.cpp(100,68): warning C4244: 'argument': conversion from 'int' to 'float', possible loss of data
D:\Applications\VisualStudio\Projects\3DProjection\CPP3D\CPP3D\CPP3D\renderer.cpp(100,126): warning C4244: 'argument': conversion from 'int' to 'float', possible loss of data
D:\Applications\VisualStudio\Projects\3DProjection\CPP3D\CPP3D\CPP3D\renderer.cpp(100,110): warning C4244: 'argument': conversion from 'int' to 'float', possible loss of data
D:\Applications\VisualStudio\Projects\3DProjection\CPP3D\CPP3D\CPP3D\renderer.cpp(118,45): warning C4244: 'argument': conversion from 'int' to 'float', possible loss of data
D:\Applications\VisualStudio\Projects\3DProjection\CPP3D\CPP3D\CPP3D\renderer.cpp(118,38): warning C4244: 'argument': conversion from 'int' to 'float', possible loss of data
D:\Applications\VisualStudio\Projects\3DProjection\CPP3D\CPP3D\CPP3D\renderer.cpp(118,79): warning C4244: 'argument': conversion from 'int' to 'float', possible loss of data
D:\Applications\VisualStudio\Projects\3DProjection\CPP3D\CPP3D\CPP3D\renderer.cpp(118,68): warning C4244: 'argument': conversion from 'int' to 'float', possible loss of data
D:\Applications\VisualStudio\Projects\3DProjection\CPP3D\CPP3D\CPP3D\renderer.cpp(118,126): warning C4244: 'argument': conversion from 'int' to 'float', possible loss of data
D:\Applications\VisualStudio\Projects\3DProjection\CPP3D\CPP3D\CPP3D\renderer.cpp(118,110): warning C4244: 'argument': conversion from 'int' to 'float', possible loss of data
D:\Applications\VisualStudio\Projects\3DProjection\CPP3D\CPP3D\CPP3D\renderer.cpp(127,66): warning C4244: 'argument': conversion from 'int' to 'float', possible loss of data
D:\Applications\VisualStudio\Projects\3DProjection\CPP3D\CPP3D\CPP3D\renderer.cpp(127,9): warning C4244: 'initializing': conversion from 'float' to 'int', possible loss of data
D:\Applications\VisualStudio\Projects\3DProjection\CPP3D\CPP3D\CPP3D\renderer.cpp(128,66): warning C4244: 'argument': conversion from 'int' to 'float', possible loss of data
D:\Applications\VisualStudio\Projects\3DProjection\CPP3D\CPP3D\CPP3D\renderer.cpp(128,9): warning C4244: 'initializing': conversion from 'float' to 'int', possible loss of data
D:\Applications\VisualStudio\Projects\3DProjection\CPP3D\CPP3D\CPP3D\renderer.cpp(130,67): warning C4244: 'argument': conversion from 'int' to 'float', possible loss of data
D:\Applications\VisualStudio\Projects\3DProjection\CPP3D\CPP3D\CPP3D\renderer.cpp(130,9): warning C4244: 'initializing': conversion from 'float' to 'int', possible loss of data
D:\Applications\VisualStudio\Projects\3DProjection\CPP3D\CPP3D\CPP3D\renderer.cpp(131,67): warning C4244: 'argument': conversion from 'int' to 'float', possible loss of data
D:\Applications\VisualStudio\Projects\3DProjection\CPP3D\CPP3D\CPP3D\renderer.cpp(131,9): warning C4244: 'initializing': conversion from 'float' to 'int', possible loss of data
D:\Applications\VisualStudio\Projects\3DProjection\CPP3D\CPP3D\CPP3D\renderer.cpp(143,9): warning C4244: 'initializing': conversion from 'float' to 'int', possible loss of data
D:\Applications\VisualStudio\Projects\3DProjection\CPP3D\CPP3D\CPP3D\renderer.cpp(144,9): warning C4244: 'initializing': conversion from 'float' to 'int', possible loss of data
D:\Applications\VisualStudio\Projects\3DProjection\CPP3D\CPP3D\CPP3D\renderer.cpp(146,9): warning C4244: 'initializing': conversion from 'float' to 'int', possible loss of data
D:\Applications\VisualStudio\Projects\3DProjection\CPP3D\CPP3D\CPP3D\renderer.cpp(147,9): warning C4244: 'initializing': conversion from 'float' to 'int', possible loss of data
D:\Applications\VisualStudio\Projects\3DProjection\CPP3D\CPP3D\CPP3D\renderer.cpp(149,9): warning C4244: 'initializing': conversion from 'float' to 'int', possible loss of data
D:\Applications\VisualStudio\Projects\3DProjection\CPP3D\CPP3D\CPP3D\renderer.cpp(150,9): warning C4244: 'initializing': conversion from 'float' to 'int', possible loss of data
D:\Applications\VisualStudio\Projects\3DProjection\CPP3D\CPP3D\CPP3D\renderer.cpp(152,31): warning C4244: 'argument': conversion from 'int' to 'float', possible loss of data
D:\Applications\VisualStudio\Projects\3DProjection\CPP3D\CPP3D\CPP3D\renderer.cpp(152,27): warning C4244: 'argument': conversion from 'int' to 'float', possible loss of data
D:\Applications\VisualStudio\Projects\3DProjection\CPP3D\CPP3D\CPP3D\renderer.cpp(155,27): warning C4244: 'argument': conversion from 'int' to 'float', possible loss of data
D:\Applications\VisualStudio\Projects\3DProjection\CPP3D\CPP3D\CPP3D\renderer.cpp(155,23): warning C4244: 'argument': conversion from 'int' to 'float', possible loss of data
D:\Applications\VisualStudio\Projects\3DProjection\CPP3D\CPP3D\CPP3D\renderer.cpp(156,27): warning C4244: 'argument': conversion from 'int' to 'float', possible loss of data
D:\Applications\VisualStudio\Projects\3DProjection\CPP3D\CPP3D\CPP3D\renderer.cpp(156,23): warning C4244: 'argument': conversion from 'int' to 'float', possible loss of data
D:\Applications\VisualStudio\Projects\3DProjection\CPP3D\CPP3D\CPP3D\renderer.cpp(157,27): warning C4244: 'argument': conversion from 'int' to 'float', possible loss of data
D:\Applications\VisualStudio\Projects\3DProjection\CPP3D\CPP3D\CPP3D\renderer.cpp(157,23): warning C4244: 'argument': conversion from 'int' to 'float', possible loss of data
D:\Applications\VisualStudio\Projects\3DProjection\CPP3D\CPP3D\CPP3D\renderer.cpp(158,27): warning C4244: 'argument': conversion from 'int' to 'float', possible loss of data
D:\Applications\VisualStudio\Projects\3DProjection\CPP3D\CPP3D\CPP3D\renderer.cpp(158,23): warning C4244: 'argument': conversion from 'int' to 'float', possible loss of data
D:\Applications\VisualStudio\Projects\3DProjection\CPP3D\CPP3D\CPP3D\renderer.cpp(160,10): warning C4244: 'initializing': conversion from 'float' to 'int', possible loss of data
D:\Applications\VisualStudio\Projects\3DProjection\CPP3D\CPP3D\CPP3D\renderer.cpp(161,10): warning C4244: 'initializing': conversion from 'float' to 'int', possible loss of data
D:\Applications\VisualStudio\Projects\3DProjection\CPP3D\CPP3D\CPP3D\renderer.cpp(162,10): warning C4244: 'initializing': conversion from 'float' to 'int', possible loss of data
D:\Applications\VisualStudio\Projects\3DProjection\CPP3D\CPP3D\CPP3D\renderer.cpp(163,10): warning C4244: 'initializing': conversion from 'float' to 'int', possible loss of data
D:\Applications\VisualStudio\Projects\3DProjection\CPP3D\CPP3D\CPP3D\renderer.cpp(165,26): warning C4305: '*=': truncation from 'double' to 'float'
D:\Applications\VisualStudio\Projects\3DProjection\CPP3D\CPP3D\CPP3D\renderer.cpp(181,49): warning C4244: '+=': conversion from 'double' to 'float', possible loss of data
D:\Applications\VisualStudio\Projects\3DProjection\CPP3D\CPP3D\CPP3D\renderer.cpp(182,9): warning C4244: 'initializing': conversion from 'double' to 'int', possible loss of data
D:\Applications\VisualStudio\Projects\3DProjection\CPP3D\CPP3D\CPP3D\renderer.cpp(183,9): warning C4244: 'initializing': conversion from 'double' to 'int', possible loss of data
D:\Applications\VisualStudio\Projects\3DProjection\CPP3D\CPP3D\CPP3D\renderer.cpp(185,13): warning C4244: 'initializing': conversion from 'float' to 'int', possible loss of data
D:\Applications\VisualStudio\Projects\3DProjection\CPP3D\CPP3D\CPP3D\renderer.cpp(186,13): warning C4244: 'initializing': conversion from 'float' to 'int', possible loss of data
D:\Applications\VisualStudio\Projects\3DProjection\CPP3D\CPP3D\CPP3D\renderer.cpp(187,43): warning C4244: 'argument': conversion from 'int' to 'float', possible loss of data
D:\Applications\VisualStudio\Projects\3DProjection\CPP3D\CPP3D\CPP3D\renderer.cpp(187,37): warning C4244: 'argument': conversion from 'int' to 'float', possible loss of data
D:\Applications\VisualStudio\Projects\3DProjection\CPP3D\CPP3D\CPP3D\renderer.cpp(187,77): warning C4244: 'argument': conversion from 'int' to 'float', possible loss of data
D:\Applications\VisualStudio\Projects\3DProjection\CPP3D\CPP3D\CPP3D\renderer.cpp(187,66): warning C4244: 'argument': conversion from 'int' to 'float', possible loss of data
D:\Applications\VisualStudio\Projects\3DProjection\CPP3D\CPP3D\CPP3D\renderer.cpp(187,119): warning C4244: 'argument': conversion from 'int' to 'float', possible loss of data
D:\Applications\VisualStudio\Projects\3DProjection\CPP3D\CPP3D\CPP3D\renderer.cpp(187,106): warning C4244: 'argument': conversion from 'int' to 'float', possible loss of data
D:\Applications\VisualStudio\Projects\3DProjection\CPP3D\CPP3D\CPP3D\Engine.cpp(65,5): warning C4007: 'WinMain': must be '__stdcall'
  CPP3D.vcxproj -> D:\Applications\VisualStudio\Projects\3DProjection\CPP3D\CPP3D\Debug\CPP3D.exe
